[debug] [2025-12-19T08:27:42.283Z] ----------------------------------------------------------------------
[debug] [2025-12-19T08:27:42.291Z] Command:       /usr/local/bin/firebase /Users/nguyenthithutam/.cache/firebase/tools/lib/node_modules/firebase-tools/lib/bin/firebase init
[debug] [2025-12-19T08:27:42.292Z] CLI Version:   15.1.0
[debug] [2025-12-19T08:27:42.292Z] Platform:      darwin
[debug] [2025-12-19T08:27:42.292Z] Node Version:  v20.18.2
[debug] [2025-12-19T08:27:42.293Z] Time:          Fri Dec 19 2025 15:27:42 GMT+0700 (Indochina Time)
[debug] [2025-12-19T08:27:42.294Z] ----------------------------------------------------------------------
[debug] 
[info] 
     ######## #### ########  ######## ########     ###     ######  ########
     ##        ##  ##     ## ##       ##     ##  ##   ##  ##       ##
     ######    ##  ########  ######   ########  #########  ######  ######
     ##        ##  ##    ##  ##       ##     ## ##     ##       ## ##
     ##       #### ##     ## ######## ########  ##     ##  ######  ########

You're about to initialize a Firebase project in this directory:

  /Users/nguyenthithutam/Desktop/Project cá nhân/E-com v1

[info] 
=== Project Setup
[info] 
[info] First, let's associate this project directory with a Firebase project.
[info] You can create multiple project aliases by running firebase use --add, 
[info] 
[debug] [2025-12-19T08:28:04.412Z] > command requires scopes: ["email","openid","https://www.googleapis.com/auth/cloudplatformprojects.readonly","https://www.googleapis.com/auth/firebase","https://www.googleapis.com/auth/cloud-platform"]
[debug] [2025-12-19T08:28:04.420Z] > authorizing via signed-in user (bobt3141@gmail.com)
[debug] [2025-12-19T08:28:04.434Z] Checked if tokens are valid: true, expires at: 1766135108935
[debug] [2025-12-19T08:28:04.435Z] Checked if tokens are valid: true, expires at: 1766135108935
[debug] [2025-12-19T08:28:04.439Z] >>> [apiv2][query] GET https://firebase.googleapis.com/v1beta1/availableProjects pageSize=100
[debug] [2025-12-19T08:28:05.882Z] <<< [apiv2][status] GET https://firebase.googleapis.com/v1beta1/availableProjects 200
[debug] [2025-12-19T08:28:05.883Z] <<< [apiv2][body] GET https://firebase.googleapis.com/v1beta1/availableProjects [omitted]
[debug] [2025-12-19T08:28:21.991Z] ExitPromptError: User force closed the prompt with SIGINT
    at Interface.sigint (/Users/nguyenthithutam/.cache/firebase/tools/lib/node_modules/@inquirer/core/dist/commonjs/lib/create-prompt.js:101:37)
    at Interface.emit (node:events:518:28)
    at [_ttyWrite] [as _ttyWrite] (node:internal/readline/interface:1125:18)
    at ReadStream.onkeypress (node:internal/readline/interface:264:20)
    at ReadStream.emit (node:events:530:35)
    at emitKeys (node:internal/readline/utils:371:14)
    at emitKeys.next (<anonymous>)
    at ReadStream.onData (node:internal/readline/emitKeypressEvents:64:36)
    at ReadStream.emit (node:events:518:28)
    at addChunk (node:internal/streams/readable:561:12)
[error] 
[error] Error: An unexpected error has occurred.
